<?xml version="1.0" encoding="UTF-8"?>
<testng-results skipped="0" failed="0" total="1" passed="1">
  <reporter-output>
  </reporter-output>
  <suite name="Default suite" duration-ms="6453" started-at="2021-02-25T05:31:49Z" finished-at="2021-02-25T05:31:56Z">
    <groups>
    </groups>
    <test name="Default test" duration-ms="6453" started-at="2021-02-25T05:31:49Z" finished-at="2021-02-25T05:31:56Z">
      <class name="com.maven.demo.Mavendemo">
        <test-method status="PASS" signature="Demo()[pri:0, instance:com.maven.demo.Mavendemo@3370f42]" name="Demo" duration-ms="6418" started-at="2021-02-25T11:01:49Z" finished-at="2021-02-25T11:01:56Z">
          <reporter-output>
          </reporter-output>
        </test-method> <!-- Demo -->
      </class> <!-- com.maven.demo.Mavendemo -->
    </test> <!-- Default test -->
  </suite> <!-- Default suite -->
</testng-results>
